{"D:\\receipe-app\\src\\Theme.js": {"path":"D:\\receipe-app\\src\\Theme.js","statementMap":{},"fnMap":{},"branchMap":{},"s":{},"f":{},"b":{},"_coverageSchema":"1a1c01bbd47fc00a2c39e90264f33305004495a9","hash":"d6adaf22864bfb46835d87133eee8e6d29ee9027"}
,"D:\\receipe-app\\src\\Login Stack\\Settings.js": {"path":"D:\\receipe-app\\src\\Login Stack\\Settings.js","statementMap":{"0":{"start":{"line":13,"column":17},"end":{"line":150,"column":1}},"1":{"start":{"line":15,"column":23},"end":{"line":15,"column":38}},"2":{"start":{"line":16,"column":46},"end":{"line":16,"column":61}},"3":{"start":{"line":17,"column":50},"end":{"line":17,"column":65}},"4":{"start":{"line":18,"column":34},"end":{"line":18,"column":48}},"5":{"start":{"line":19,"column":60},"end":{"line":19,"column":83}},"6":{"start":{"line":20,"column":34},"end":{"line":20,"column":49}},"7":{"start":{"line":21,"column":36},"end":{"line":21,"column":48}},"8":{"start":{"line":23,"column":4},"end":{"line":25,"column":10}},"9":{"start":{"line":24,"column":8},"end":{"line":24,"column":21}},"10":{"start":{"line":26,"column":24},"end":{"line":36,"column":5}},"11":{"start":{"line":27,"column":8},"end":{"line":35,"column":9}},"12":{"start":{"line":28,"column":24},"end":{"line":28,"column":112}},"13":{"start":{"line":29,"column":12},"end":{"line":29,"column":52}},"14":{"start":{"line":30,"column":12},"end":{"line":30,"column":34}},"15":{"start":{"line":31,"column":12},"end":{"line":31,"column":29}},"16":{"start":{"line":34,"column":12},"end":{"line":34,"column":29}},"17":{"start":{"line":37,"column":29},"end":{"line":39,"column":5}},"18":{"start":{"line":38,"column":8},"end":{"line":38,"column":21}},"19":{"start":{"line":40,"column":4},"end":{"line":40,"column":26}},"20":{"start":{"line":41,"column":26},"end":{"line":45,"column":5}},"21":{"start":{"line":42,"column":8},"end":{"line":42,"column":34}},"22":{"start":{"line":43,"column":8},"end":{"line":43,"column":24}},"23":{"start":{"line":44,"column":8},"end":{"line":44,"column":42}},"24":{"start":{"line":46,"column":32},"end":{"line":51,"column":5}},"25":{"start":{"line":47,"column":19},"end":{"line":47,"column":87}},"26":{"start":{"line":48,"column":8},"end":{"line":48,"column":85}},"27":{"start":{"line":49,"column":8},"end":{"line":49,"column":109}},"28":{"start":{"line":50,"column":8},"end":{"line":50,"column":31}},"29":{"start":{"line":52,"column":4},"end":{"line":149,"column":5}},"30":{"start":{"line":55,"column":16},"end":{"line":146,"column":23}},"31":{"start":{"line":68,"column":187},"end":{"line":68,"column":203}},"32":{"start":{"line":75,"column":56},"end":{"line":75,"column":83}},"33":{"start":{"line":77,"column":40},"end":{"line":138,"column":43}},"34":{"start":{"line":90,"column":130},"end":{"line":90,"column":162}},"35":{"start":{"line":119,"column":130},"end":{"line":119,"column":166}},"36":{"start":{"line":142,"column":134},"end":{"line":142,"column":151}}},"fnMap":{"0":{"name":"(anonymous_0)","decl":{"start":{"line":13,"column":17},"end":{"line":13,"column":18}},"loc":{"start":{"line":13,"column":23},"end":{"line":150,"column":1}},"line":13},"1":{"name":"(anonymous_1)","decl":{"start":{"line":23,"column":14},"end":{"line":23,"column":15}},"loc":{"start":{"line":23,"column":20},"end":{"line":25,"column":5}},"line":23},"2":{"name":"(anonymous_2)","decl":{"start":{"line":26,"column":24},"end":{"line":26,"column":25}},"loc":{"start":{"line":26,"column":36},"end":{"line":36,"column":5}},"line":26},"3":{"name":"(anonymous_3)","decl":{"start":{"line":37,"column":29},"end":{"line":37,"column":30}},"loc":{"start":{"line":37,"column":36},"end":{"line":39,"column":5}},"line":37},"4":{"name":"(anonymous_4)","decl":{"start":{"line":41,"column":26},"end":{"line":41,"column":27}},"loc":{"start":{"line":41,"column":38},"end":{"line":45,"column":5}},"line":41},"5":{"name":"(anonymous_5)","decl":{"start":{"line":46,"column":32},"end":{"line":46,"column":33}},"loc":{"start":{"line":46,"column":50},"end":{"line":51,"column":5}},"line":46},"6":{"name":"(anonymous_6)","decl":{"start":{"line":54,"column":13},"end":{"line":54,"column":14}},"loc":{"start":{"line":55,"column":16},"end":{"line":146,"column":23}},"line":55},"7":{"name":"(anonymous_7)","decl":{"start":{"line":68,"column":181},"end":{"line":68,"column":182}},"loc":{"start":{"line":68,"column":187},"end":{"line":68,"column":203}},"line":68},"8":{"name":"(anonymous_8)","decl":{"start":{"line":75,"column":46},"end":{"line":75,"column":47}},"loc":{"start":{"line":75,"column":56},"end":{"line":75,"column":83}},"line":75},"9":{"name":"(anonymous_9)","decl":{"start":{"line":76,"column":37},"end":{"line":76,"column":38}},"loc":{"start":{"line":77,"column":40},"end":{"line":138,"column":43}},"line":77},"10":{"name":"(anonymous_10)","decl":{"start":{"line":90,"column":124},"end":{"line":90,"column":125}},"loc":{"start":{"line":90,"column":130},"end":{"line":90,"column":162}},"line":90},"11":{"name":"(anonymous_11)","decl":{"start":{"line":119,"column":124},"end":{"line":119,"column":125}},"loc":{"start":{"line":119,"column":130},"end":{"line":119,"column":166}},"line":119},"12":{"name":"(anonymous_12)","decl":{"start":{"line":142,"column":128},"end":{"line":142,"column":129}},"loc":{"start":{"line":142,"column":134},"end":{"line":142,"column":151}},"line":142}},"branchMap":{"0":{"loc":{"start":{"line":55,"column":16},"end":{"line":146,"column":23}},"type":"cond-expr","locations":[{"start":{"line":55,"column":26},"end":{"line":59,"column":23}},{"start":{"line":60,"column":20},"end":{"line":146,"column":23}}],"line":55},"1":{"loc":{"start":{"line":68,"column":75},"end":{"line":68,"column":149}},"type":"cond-expr","locations":[{"start":{"line":68,"column":101},"end":{"line":68,"column":137}},{"start":{"line":68,"column":140},"end":{"line":68,"column":149}}],"line":68},"2":{"loc":{"start":{"line":85,"column":112},"end":{"line":85,"column":153}},"type":"cond-expr","locations":[{"start":{"line":85,"column":128},"end":{"line":85,"column":137}},{"start":{"line":85,"column":140},"end":{"line":85,"column":153}}],"line":85},"3":{"loc":{"start":{"line":113,"column":112},"end":{"line":113,"column":155}},"type":"cond-expr","locations":[{"start":{"line":113,"column":130},"end":{"line":113,"column":139}},{"start":{"line":113,"column":142},"end":{"line":113,"column":155}}],"line":113},"4":{"loc":{"start":{"line":125,"column":56},"end":{"line":129,"column":63}},"type":"binary-expr","locations":[{"start":{"line":125,"column":56},"end":{"line":125,"column":71}},{"start":{"line":125,"column":75},"end":{"line":125,"column":88}},{"start":{"line":125,"column":92},"end":{"line":129,"column":63}}],"line":125}},"s":{"0":1,"1":9,"2":9,"3":8,"4":8,"5":8,"6":8,"7":8,"8":8,"9":2,"10":8,"11":2,"12":2,"13":2,"14":2,"15":2,"16":0,"17":8,"18":0,"19":8,"20":8,"21":0,"22":0,"23":0,"24":8,"25":0,"26":0,"27":0,"28":0,"29":8,"30":8,"31":0,"32":0,"33":8,"34":1,"35":1,"36":0},"f":{"0":9,"1":2,"2":2,"3":0,"4":0,"5":0,"6":8,"7":0,"8":0,"9":8,"10":1,"11":1,"12":0},"b":{"0":[4,4],"1":[0,4],"2":[6,2],"3":[4,4],"4":[8,4,4]},"_coverageSchema":"1a1c01bbd47fc00a2c39e90264f33305004495a9","hash":"7d9ce96052b83838ceebb291530fa217a24c89f3"}
,"D:\\receipe-app\\src\\Login Stack\\styles\\HomeScreenStyles.js": {"path":"D:\\receipe-app\\src\\Login Stack\\styles\\HomeScreenStyles.js","statementMap":{"0":{"start":{"line":2,"column":14},"end":{"line":2,"column":44}}},"fnMap":{},"branchMap":{},"s":{"0":1},"f":{},"b":{},"_coverageSchema":"1a1c01bbd47fc00a2c39e90264f33305004495a9","hash":"cc984f7564d192cceb5d592e447e280624e5c522"}
,"D:\\receipe-app\\src\\Login Stack\\styles\\RecipeDetailsStyles.js": {"path":"D:\\receipe-app\\src\\Login Stack\\styles\\RecipeDetailsStyles.js","statementMap":{"0":{"start":{"line":2,"column":14},"end":{"line":2,"column":44}},"1":{"start":{"line":3,"column":15},"end":{"line":3,"column":46}}},"fnMap":{},"branchMap":{},"s":{"0":1,"1":1},"f":{},"b":{},"_coverageSchema":"1a1c01bbd47fc00a2c39e90264f33305004495a9","hash":"c4e8b700554c0a6306a77c512585de2ac338aaa7"}
,"D:\\receipe-app\\src\\Login Stack\\styles\\SettingStyle.js": {"path":"D:\\receipe-app\\src\\Login Stack\\styles\\SettingStyle.js","statementMap":{"0":{"start":{"line":2,"column":14},"end":{"line":2,"column":44}},"1":{"start":{"line":3,"column":15},"end":{"line":3,"column":46}}},"fnMap":{},"branchMap":{},"s":{"0":1,"1":1},"f":{},"b":{},"_coverageSchema":"1a1c01bbd47fc00a2c39e90264f33305004495a9","hash":"7a4c33b56ebabac58b713fb16391438daf74d9c6"}
,"D:\\receipe-app\\src\\Screens\\Stack\\style\\HomeRecipeStyles.js": {"path":"D:\\receipe-app\\src\\Screens\\Stack\\style\\HomeRecipeStyles.js","statementMap":{"0":{"start":{"line":2,"column":14},"end":{"line":2,"column":44}},"1":{"start":{"line":3,"column":15},"end":{"line":3,"column":46}}},"fnMap":{},"branchMap":{},"s":{"0":1,"1":1},"f":{},"b":{},"_coverageSchema":"1a1c01bbd47fc00a2c39e90264f33305004495a9","hash":"98368ddef650d8aabe908062d5e6393ba1aa5ccf"}
,"D:\\receipe-app\\src\\Screens\\Stack\\style\\LoginReqStyles.js": {"path":"D:\\receipe-app\\src\\Screens\\Stack\\style\\LoginReqStyles.js","statementMap":{"0":{"start":{"line":2,"column":14},"end":{"line":2,"column":44}},"1":{"start":{"line":3,"column":15},"end":{"line":3,"column":46}}},"fnMap":{},"branchMap":{},"s":{"0":1,"1":1},"f":{},"b":{},"_coverageSchema":"1a1c01bbd47fc00a2c39e90264f33305004495a9","hash":"54134a77aed856aa43fe537b3e576486868590eb"}
,"D:\\receipe-app\\src\\Screens\\Stack\\style\\OTPVerifyStyles.js": {"path":"D:\\receipe-app\\src\\Screens\\Stack\\style\\OTPVerifyStyles.js","statementMap":{"0":{"start":{"line":2,"column":14},"end":{"line":2,"column":44}}},"fnMap":{},"branchMap":{},"s":{"0":1},"f":{},"b":{},"_coverageSchema":"1a1c01bbd47fc00a2c39e90264f33305004495a9","hash":"fa64a34e10b903859e108baf2ed6371a69c94170"}
,"D:\\receipe-app\\src\\Screens\\Stack\\style\\SigninStyles.js": {"path":"D:\\receipe-app\\src\\Screens\\Stack\\style\\SigninStyles.js","statementMap":{"0":{"start":{"line":2,"column":14},"end":{"line":2,"column":44}},"1":{"start":{"line":3,"column":15},"end":{"line":3,"column":46}}},"fnMap":{},"branchMap":{},"s":{"0":1,"1":1},"f":{},"b":{},"_coverageSchema":"1a1c01bbd47fc00a2c39e90264f33305004495a9","hash":"249df8211e2a6bf4bdb173d7795dfee441e5208b"}
,"D:\\receipe-app\\src\\Screens\\Stack\\style\\SignupStyles.js": {"path":"D:\\receipe-app\\src\\Screens\\Stack\\style\\SignupStyles.js","statementMap":{"0":{"start":{"line":2,"column":14},"end":{"line":2,"column":44}},"1":{"start":{"line":3,"column":15},"end":{"line":3,"column":46}}},"fnMap":{},"branchMap":{},"s":{"0":1,"1":1},"f":{},"b":{},"_coverageSchema":"1a1c01bbd47fc00a2c39e90264f33305004495a9","hash":"8e160b16eca311c58e424faa87f70c8cfbea5ac5"}
,"D:\\receipe-app\\src\\Screens\\Stack\\style\\WelcomeStyles.js": {"path":"D:\\receipe-app\\src\\Screens\\Stack\\style\\WelcomeStyles.js","statementMap":{"0":{"start":{"line":2,"column":14},"end":{"line":2,"column":44}},"1":{"start":{"line":3,"column":15},"end":{"line":3,"column":46}}},"fnMap":{},"branchMap":{},"s":{"0":1,"1":1},"f":{},"b":{},"_coverageSchema":"1a1c01bbd47fc00a2c39e90264f33305004495a9","hash":"65ebc5e21b0d46cd03297b6cc73358a995ea87d1"}
,"D:\\receipe-app\\src\\Stack\\style\\DrawerStyles.js": {"path":"D:\\receipe-app\\src\\Stack\\style\\DrawerStyles.js","statementMap":{"0":{"start":{"line":2,"column":14},"end":{"line":2,"column":44}},"1":{"start":{"line":3,"column":15},"end":{"line":3,"column":46}}},"fnMap":{},"branchMap":{},"s":{"0":1,"1":1},"f":{},"b":{},"_coverageSchema":"1a1c01bbd47fc00a2c39e90264f33305004495a9","hash":"836cedcedb0eaf17e4c6c667f2aaced4995dbb0f"}
,"D:\\receipe-app\\src\\Store\\userContext.js": {"path":"D:\\receipe-app\\src\\Store\\userContext.js","statementMap":{"0":{"start":{"line":3,"column":20},"end":{"line":18,"column":2}}},"fnMap":{"0":{"name":"(anonymous_0)","decl":{"start":{"line":5,"column":15},"end":{"line":5,"column":16}},"loc":{"start":{"line":5,"column":21},"end":{"line":5,"column":24}},"line":5},"1":{"name":"(anonymous_1)","decl":{"start":{"line":7,"column":17},"end":{"line":7,"column":18}},"loc":{"start":{"line":7,"column":23},"end":{"line":7,"column":26}},"line":7},"2":{"name":"(anonymous_2)","decl":{"start":{"line":9,"column":18},"end":{"line":9,"column":19}},"loc":{"start":{"line":9,"column":24},"end":{"line":9,"column":27}},"line":9},"3":{"name":"(anonymous_3)","decl":{"start":{"line":11,"column":13},"end":{"line":11,"column":14}},"loc":{"start":{"line":11,"column":19},"end":{"line":11,"column":22}},"line":11},"4":{"name":"(anonymous_4)","decl":{"start":{"line":13,"column":12},"end":{"line":13,"column":13}},"loc":{"start":{"line":13,"column":18},"end":{"line":13,"column":21}},"line":13},"5":{"name":"(anonymous_5)","decl":{"start":{"line":15,"column":16},"end":{"line":15,"column":17}},"loc":{"start":{"line":15,"column":22},"end":{"line":15,"column":25}},"line":15},"6":{"name":"(anonymous_6)","decl":{"start":{"line":17,"column":16},"end":{"line":17,"column":17}},"loc":{"start":{"line":17,"column":22},"end":{"line":17,"column":25}},"line":17}},"branchMap":{},"s":{"0":1},"f":{"0":0,"1":0,"2":0,"3":0,"4":0,"5":0,"6":0},"b":{},"_coverageSchema":"1a1c01bbd47fc00a2c39e90264f33305004495a9","hash":"67f5c31e235ca018ea9183a912de7213e503d838"}
,"D:\\receipe-app\\src\\Sub Screens\\styles\\CategoriesStyles.js": {"path":"D:\\receipe-app\\src\\Sub Screens\\styles\\CategoriesStyles.js","statementMap":{"0":{"start":{"line":2,"column":14},"end":{"line":2,"column":44}},"1":{"start":{"line":3,"column":15},"end":{"line":3,"column":46}}},"fnMap":{},"branchMap":{},"s":{"0":1,"1":1},"f":{},"b":{},"_coverageSchema":"1a1c01bbd47fc00a2c39e90264f33305004495a9","hash":"db1848b12bcb97361ae86fb823b1dab8c5f73f0e"}
,"D:\\receipe-app\\src\\Sub Screens\\styles\\VirtualizedStyles.js": {"path":"D:\\receipe-app\\src\\Sub Screens\\styles\\VirtualizedStyles.js","statementMap":{"0":{"start":{"line":2,"column":14},"end":{"line":2,"column":44}},"1":{"start":{"line":3,"column":15},"end":{"line":3,"column":46}}},"fnMap":{},"branchMap":{},"s":{"0":1,"1":1},"f":{},"b":{},"_coverageSchema":"1a1c01bbd47fc00a2c39e90264f33305004495a9","hash":"d294bde9378a311f064e86a2c5c1139fc14537a2"}
,"D:\\receipe-app\\src\\assets\\bg-2.jpg": {"path":"D:\\receipe-app\\src\\assets\\bg-2.jpg","statementMap":{"0":{"start":{"line":1,"column":0},"end":{"line":4,"column":6}}},"fnMap":{},"branchMap":{},"s":{"0":1},"f":{},"b":{},"_coverageSchema":"1a1c01bbd47fc00a2c39e90264f33305004495a9","hash":"229fcdc6c7fda58a3c5d69667c0f510cc6c46a72"}
,"D:\\receipe-app\\src\\assets\\loading.gif": {"path":"D:\\receipe-app\\src\\assets\\loading.gif","statementMap":{"0":{"start":{"line":1,"column":0},"end":{"line":4,"column":6}}},"fnMap":{},"branchMap":{},"s":{"0":1},"f":{},"b":{},"_coverageSchema":"1a1c01bbd47fc00a2c39e90264f33305004495a9","hash":"57312735a3f8578f5cb488d9a1e986b38f7fc2c5"}
,"D:\\receipe-app\\src\\assets\\profile-bg.png": {"path":"D:\\receipe-app\\src\\assets\\profile-bg.png","statementMap":{"0":{"start":{"line":1,"column":0},"end":{"line":4,"column":6}}},"fnMap":{},"branchMap":{},"s":{"0":1},"f":{},"b":{},"_coverageSchema":"1a1c01bbd47fc00a2c39e90264f33305004495a9","hash":"9894743316d60799460b94d9fb1dc7f60761dc4f"}
,"D:\\receipe-app\\src\\utils\\AppHeader.js": {"path":"D:\\receipe-app\\src\\utils\\AppHeader.js","statementMap":{"0":{"start":{"line":7,"column":14},"end":{"line":7,"column":44}},"1":{"start":{"line":9,"column":18},"end":{"line":23,"column":1}},"2":{"start":{"line":10,"column":23},"end":{"line":10,"column":38}},"3":{"start":{"line":11,"column":4},"end":{"line":22,"column":5}},"4":{"start":{"line":14,"column":16},"end":{"line":19,"column":23}},"5":{"start":{"line":17,"column":143},"end":{"line":17,"column":166}}},"fnMap":{"0":{"name":"(anonymous_0)","decl":{"start":{"line":9,"column":18},"end":{"line":9,"column":19}},"loc":{"start":{"line":9,"column":32},"end":{"line":23,"column":1}},"line":9},"1":{"name":"(anonymous_1)","decl":{"start":{"line":13,"column":13},"end":{"line":13,"column":14}},"loc":{"start":{"line":14,"column":16},"end":{"line":19,"column":23}},"line":14},"2":{"name":"(anonymous_2)","decl":{"start":{"line":17,"column":137},"end":{"line":17,"column":138}},"loc":{"start":{"line":17,"column":143},"end":{"line":17,"column":166}},"line":17}},"branchMap":{},"s":{"0":1,"1":1,"2":4,"3":4,"4":4,"5":0},"f":{"0":4,"1":4,"2":0},"b":{},"_coverageSchema":"1a1c01bbd47fc00a2c39e90264f33305004495a9","hash":"ff9528162ae5d61644cef1d4027786cf2e4e3531"}
,"D:\\receipe-app\\src\\utils\\UserProfile.js": {"path":"D:\\receipe-app\\src\\utils\\UserProfile.js","statementMap":{"0":{"start":{"line":9,"column":20},"end":{"line":59,"column":1}},"1":{"start":{"line":10,"column":38},"end":{"line":10,"column":61}},"2":{"start":{"line":11,"column":18},"end":{"line":16,"column":5}},"3":{"start":{"line":18,"column":21},"end":{"line":20,"column":5}},"4":{"start":{"line":19,"column":8},"end":{"line":19,"column":118}},"5":{"start":{"line":21,"column":23},"end":{"line":30,"column":5}},"6":{"start":{"line":22,"column":24},"end":{"line":24,"column":9}},"7":{"start":{"line":25,"column":8},"end":{"line":29,"column":9}},"8":{"start":{"line":26,"column":27},"end":{"line":26,"column":54}},"9":{"start":{"line":27,"column":12},"end":{"line":27,"column":47}},"10":{"start":{"line":28,"column":12},"end":{"line":28,"column":51}},"11":{"start":{"line":31,"column":24},"end":{"line":36,"column":5}},"12":{"start":{"line":32,"column":23},"end":{"line":32,"column":56}},"13":{"start":{"line":34,"column":8},"end":{"line":34,"column":43}},"14":{"start":{"line":35,"column":8},"end":{"line":35,"column":47}},"15":{"start":{"line":37,"column":4},"end":{"line":58,"column":5}},"16":{"start":{"line":40,"column":16},"end":{"line":55,"column":19}},"17":{"start":{"line":54,"column":125},"end":{"line":54,"column":142}}},"fnMap":{"0":{"name":"(anonymous_0)","decl":{"start":{"line":9,"column":20},"end":{"line":9,"column":21}},"loc":{"start":{"line":9,"column":40},"end":{"line":59,"column":1}},"line":9},"1":{"name":"(anonymous_1)","decl":{"start":{"line":18,"column":21},"end":{"line":18,"column":22}},"loc":{"start":{"line":18,"column":36},"end":{"line":20,"column":5}},"line":18},"2":{"name":"(anonymous_2)","decl":{"start":{"line":21,"column":23},"end":{"line":21,"column":24}},"loc":{"start":{"line":21,"column":35},"end":{"line":30,"column":5}},"line":21},"3":{"name":"(anonymous_3)","decl":{"start":{"line":31,"column":24},"end":{"line":31,"column":25}},"loc":{"start":{"line":31,"column":36},"end":{"line":36,"column":5}},"line":31},"4":{"name":"(anonymous_4)","decl":{"start":{"line":39,"column":13},"end":{"line":39,"column":14}},"loc":{"start":{"line":40,"column":16},"end":{"line":55,"column":19}},"line":40},"5":{"name":"(anonymous_5)","decl":{"start":{"line":54,"column":119},"end":{"line":54,"column":120}},"loc":{"start":{"line":54,"column":125},"end":{"line":54,"column":142}},"line":54}},"branchMap":{"0":{"loc":{"start":{"line":25,"column":8},"end":{"line":29,"column":9}},"type":"if","locations":[{"start":{"line":25,"column":8},"end":{"line":29,"column":9}},{"start":{},"end":{}}],"line":25}},"s":{"0":1,"1":0,"2":0,"3":0,"4":0,"5":0,"6":0,"7":0,"8":0,"9":0,"10":0,"11":0,"12":0,"13":0,"14":0,"15":0,"16":0,"17":0},"f":{"0":0,"1":0,"2":0,"3":0,"4":0,"5":0},"b":{"0":[0,0]},"_coverageSchema":"1a1c01bbd47fc00a2c39e90264f33305004495a9","hash":"6d1d621b84015cb9b064a6ecc1e927c7c6897396"}
,"D:\\receipe-app\\src\\utils\\styles\\AppHeaderStyles.js": {"path":"D:\\receipe-app\\src\\utils\\styles\\AppHeaderStyles.js","statementMap":{"0":{"start":{"line":2,"column":14},"end":{"line":2,"column":44}},"1":{"start":{"line":3,"column":15},"end":{"line":3,"column":46}}},"fnMap":{},"branchMap":{},"s":{"0":1,"1":1},"f":{},"b":{},"_coverageSchema":"1a1c01bbd47fc00a2c39e90264f33305004495a9","hash":"8d43b115dc4732c5c71d7d609a8a8fe612587fff"}
,"D:\\receipe-app\\src\\utils\\styles\\CaroselStyle.js": {"path":"D:\\receipe-app\\src\\utils\\styles\\CaroselStyle.js","statementMap":{"0":{"start":{"line":2,"column":14},"end":{"line":2,"column":44}},"1":{"start":{"line":3,"column":15},"end":{"line":3,"column":46}}},"fnMap":{},"branchMap":{},"s":{"0":1,"1":1},"f":{},"b":{},"_coverageSchema":"1a1c01bbd47fc00a2c39e90264f33305004495a9","hash":"28e545296033648644dbcbb99021ac3adbbf1e7b"}
,"D:\\receipe-app\\src\\utils\\styles\\FlatStyles.js": {"path":"D:\\receipe-app\\src\\utils\\styles\\FlatStyles.js","statementMap":{"0":{"start":{"line":2,"column":14},"end":{"line":2,"column":44}},"1":{"start":{"line":3,"column":15},"end":{"line":3,"column":46}}},"fnMap":{},"branchMap":{},"s":{"0":1,"1":1},"f":{},"b":{},"_coverageSchema":"1a1c01bbd47fc00a2c39e90264f33305004495a9","hash":"ae39a5ed5156f6d576507399600889aa45c052ca"}
,"D:\\receipe-app\\src\\utils\\styles\\SplashStyles.js": {"path":"D:\\receipe-app\\src\\utils\\styles\\SplashStyles.js","statementMap":{"0":{"start":{"line":2,"column":14},"end":{"line":2,"column":44}},"1":{"start":{"line":3,"column":15},"end":{"line":3,"column":46}}},"fnMap":{},"branchMap":{},"s":{"0":1,"1":1},"f":{},"b":{},"_coverageSchema":"1a1c01bbd47fc00a2c39e90264f33305004495a9","hash":"1fee40b88d129104cf16222cbba105126b8cec9c"}
,"D:\\receipe-app\\src\\utils\\styles\\UserProfileStyles.js": {"path":"D:\\receipe-app\\src\\utils\\styles\\UserProfileStyles.js","statementMap":{},"fnMap":{},"branchMap":{},"s":{},"f":{},"b":{},"_coverageSchema":"1a1c01bbd47fc00a2c39e90264f33305004495a9","hash":"54d3bd21fc2c9166057d665953605f391d6397be"}
}
